This is pdfTeX, Version 3.14159265-2.6-1.40.18 (TeX Live 2017/Debian) (preloaded format=pdflatex)
 restricted \write18 enabled.
entering extended mode
(./statement_en.tex
LaTeX2e <2017-04-15>
Babel <3.18> and hyphenation patterns for 84 language(s) loaded.
(/usr/share/texlive/texmf-dist/tex/latex/base/report.cls
Document Class: report 2014/09/29 v1.4h Standard LaTeX document class
(/usr/share/texlive/texmf-dist/tex/latex/base/size12.clo))
(/usr/share/texlive/texmf-dist/tex/latex/base/inputenc.sty
(/usr/share/texlive/texmf-dist/tex/latex/base/utf8.def
(/usr/share/texlive/texmf-dist/tex/latex/base/t1enc.dfu)
(/usr/share/texlive/texmf-dist/tex/latex/base/ot1enc.dfu)
(/usr/share/texlive/texmf-dist/tex/latex/base/omsenc.dfu)))
(/usr/share/texlive/texmf-dist/tex/latex/base/fontenc.sty
(/usr/share/texlive/texmf-dist/tex/latex/base/t1enc.def))
(/usr/share/texlive/texmf-dist/tex/latex/graphics/graphicx.sty
(/usr/share/texlive/texmf-dist/tex/latex/graphics/keyval.sty)
(/usr/share/texlive/texmf-dist/tex/latex/graphics/graphics.sty
(/usr/share/texlive/texmf-dist/tex/latex/graphics/trig.sty)
(/usr/share/texlive/texmf-dist/tex/latex/graphics-cfg/graphics.cfg)
(/usr/share/texlive/texmf-dist/tex/latex/graphics-def/pdftex.def)))
(/usr/share/texlive/texmf-dist/tex/latex/geometry/geometry.sty
(/usr/share/texlive/texmf-dist/tex/generic/oberdiek/ifpdf.sty)
(/usr/share/texlive/texmf-dist/tex/generic/oberdiek/ifvtex.sty)
(/usr/share/texlive/texmf-dist/tex/generic/ifxetex/ifxetex.sty))
(/usr/share/texlive/texmf-dist/tex/latex/lastpage/lastpage.sty)
(/usr/share/texlive/texmf-dist/tex/latex/fancyhdr/fancyhdr.sty)
(/usr/share/texlive/texmf-dist/tex/latex/lastpage/ulem.sty)
(/usr/share/texlive/texmf-dist/tex/latex/framed/framed.sty)
(/usr/share/texlive/texmf-dist/tex/latex/lastpage/tcolorbox.sty
(/usr/share/texlive/texmf-dist/tex/latex/lastpage/pgf.sty
(/usr/share/texlive/texmf-dist/tex/latex/lastpage/pgfrcs.sty
(/usr/share/texlive/texmf-dist/tex/latex/pgfutil-common.tex
(/usr/share/texlive/texmf-dist/tex/generic/pgf/utilities/pgfutil-common-lists.t
ex)) (/usr/share/texlive/texmf-dist/tex/generic/pgf/utilities/pgfutil-latex.def
(/usr/share/texlive/texmf-dist/tex/latex/ms/everyshi.sty))
(/usr/share/texlive/texmf-dist/tex/generic/pgf/utilities/pgfrcs.code.tex))
! Argument of \next has an extra }.
<inserted text> 
                \par 
l.13 \ProvidesPackageRCS{pgf.sty}
                                 
Runaway argument?
pgf.sty
! Paragraph ended before \next was complete.
<to be read again> 
                   \par 
l.13 \ProvidesPackageRCS{pgf.sty}
                                 
! Too many }'s.
<recently read> }
                 
l.13 \ProvidesPackageRCS{pgf.sty}
                                 
(/usr/share/texlive/texmf-dist/tex/latex/lastpage/pgfcore.sty
(/usr/share/texlive/texmf-dist/tex/latex/lastpage/pgfsys.sty
(/usr/share/texlive/texmf-dist/tex/generic/pgf/systemlayer/pgfsys.code.tex
(/usr/share/texlive/texmf-dist/tex/generic/pgf/utilities/pgfkeys.code.tex
(/usr/share/texlive/texmf-dist/tex/generic/pgf/utilities/pgfkeysfiltered.code.t
ex)) (/usr/share/texlive/texmf-dist/tex/generic/pgf/systemlayer/pgf.cfg)
(/usr/share/texlive/texmf-dist/tex/generic/pgf/systemlayer/pgfsys-pdftex.def
(/usr/share/texlive/texmf-dist/tex/generic/pgf/systemlayer/pgfsys-common-pdf.de
f)))
(/usr/share/texlive/texmf-dist/tex/generic/pgf/systemlayer/pgfsyssoftpath.code.
tex)
(/usr/share/texlive/texmf-dist/tex/generic/pgf/systemlayer/pgfsysprotocol.code.
tex)) (/usr/share/texlive/texmf-dist/tex/latex/xcolor/xcolor.sty
(/usr/share/texlive/texmf-dist/tex/latex/graphics-cfg/color.cfg))
(/usr/share/texlive/texmf-dist/tex/generic/pgf/basiclayer/pgfcore.code.tex
(/usr/share/texlive/texmf-dist/tex/generic/pgf/math/pgfmath.code.tex
(/usr/share/texlive/texmf-dist/tex/generic/pgf/math/pgfmathcalc.code.tex
(/usr/share/texlive/texmf-dist/tex/generic/pgf/math/pgfmathutil.code.tex)
(/usr/share/texlive/texmf-dist/tex/generic/pgf/math/pgfmathparser.code.tex)
(/usr/share/texlive/texmf-dist/tex/generic/pgf/math/pgfmathfunctions.code.tex
(/usr/share/texlive/texmf-dist/tex/generic/pgf/math/pgfmathfunctions.basic.code
.tex)
(/usr/share/texlive/texmf-dist/tex/generic/pgf/math/pgfmathfunctions.trigonomet
ric.code.tex)
(/usr/share/texlive/texmf-dist/tex/generic/pgf/math/pgfmathfunctions.random.cod
e.tex)
(/usr/share/texlive/texmf-dist/tex/generic/pgf/math/pgfmathfunctions.comparison
.code.tex)
(/usr/share/texlive/texmf-dist/tex/generic/pgf/math/pgfmathfunctions.base.code.
tex)
(/usr/share/texlive/texmf-dist/tex/generic/pgf/math/pgfmathfunctions.round.code
.tex)
(/usr/share/texlive/texmf-dist/tex/generic/pgf/math/pgfmathfunctions.misc.code.
tex)
(/usr/share/texlive/texmf-dist/tex/generic/pgf/math/pgfmathfunctions.integerari
thmetics.code.tex)))
(/usr/share/texlive/texmf-dist/tex/generic/pgf/math/pgfmathfloat.code.tex))
(/usr/share/texlive/texmf-dist/tex/generic/pgf/basiclayer/pgfcorepoints.code.te
x)
(/usr/share/texlive/texmf-dist/tex/generic/pgf/basiclayer/pgfcorepathconstruct.
code.tex)
(/usr/share/texlive/texmf-dist/tex/generic/pgf/basiclayer/pgfcorepathusage.code
.tex)
(/usr/share/texlive/texmf-dist/tex/generic/pgf/basiclayer/pgfcorescopes.code.te
x)
(/usr/share/texlive/texmf-dist/tex/generic/pgf/basiclayer/pgfcoregraphicstate.c
ode.tex)
(/usr/share/texlive/texmf-dist/tex/generic/pgf/basiclayer/pgfcoretransformation
s.code.tex)
(/usr/share/texlive/texmf-dist/tex/generic/pgf/basiclayer/pgfcorequick.code.tex
)
(/usr/share/texlive/texmf-dist/tex/generic/pgf/basiclayer/pgfcoreobjects.code.t
ex)
(/usr/share/texlive/texmf-dist/tex/generic/pgf/basiclayer/pgfcorepathprocessing
.code.tex)
(/usr/share/texlive/texmf-dist/tex/generic/pgf/basiclayer/pgfcorearrows.code.te
x)
(/usr/share/texlive/texmf-dist/tex/generic/pgf/basiclayer/pgfcoreshade.code.tex
)
(/usr/share/texlive/texmf-dist/tex/generic/pgf/basiclayer/pgfcoreimage.code.tex

(/usr/share/texlive/texmf-dist/tex/generic/pgf/basiclayer/pgfcoreexternal.code.
tex))
(/usr/share/texlive/texmf-dist/tex/generic/pgf/basiclayer/pgfcorelayers.code.te
x)
(/usr/share/texlive/texmf-dist/tex/generic/pgf/basiclayer/pgfcoretransparency.c
ode.tex)
(/usr/share/texlive/texmf-dist/tex/generic/pgf/basiclayer/pgfcorepatterns.code.
tex)))
(/usr/share/texlive/texmf-dist/tex/generic/pgf/modules/pgfmoduleshapes.code.tex
) (/usr/share/texlive/texmf-dist/tex/generic/pgf/modules/pgfmoduleplot.code.tex
) (/usr/share/texlive/texmf-dist/tex/latex/lastpage/pgfcomp-version-0-65.sty
! Argument of \next has an extra }.
<inserted text> 
                \par 
l.12 \ProvidesPackageRCS{pgfcomp-version-0-65.sty}
                                                  
Runaway argument?
pgfcomp-version-0-65.sty
! Paragraph ended before \next was complete.
<to be read again> 
                   \par 
l.12 \ProvidesPackageRCS{pgfcomp-version-0-65.sty}
                                                  
! Too many }'s.
<recently read> }
                 
l.12 \ProvidesPackageRCS{pgfcomp-version-0-65.sty}
                                                  
) (/usr/share/texlive/texmf-dist/tex/latex/lastpage/pgfcomp-version-1-18.sty
! Argument of \next has an extra }.
<inserted text> 
                \par 
l.12 \ProvidesPackageRCS{pgfcomp-version-1-18.sty}
                                                  
Runaway argument?
pgfcomp-version-1-18.sty
! Paragraph ended before \next was complete.
<to be read again> 
                   \par 
l.12 \ProvidesPackageRCS{pgfcomp-version-1-18.sty}
                                                  
! Too many }'s.
<recently read> }
                 
l.12 \ProvidesPackageRCS{pgfcomp-version-1-18.sty}
                                                  
))

LaTeX Warning: You have requested, on input line 24, version
               `2008/01/15' of package pgf,
               but only version
               `'
               is available.

(/usr/share/texlive/texmf-dist/tex/latex/tools/verbatim.sty)
(/usr/share/texlive/texmf-dist/tex/latex/environ/environ.sty
(/usr/share/texlive/texmf-dist/tex/latex/trimspaces/trimspaces.sty))
(/usr/share/texlive/texmf-dist/tex/latex/etoolbox/etoolbox.sty))
(/usr/share/texlive/texmf-dist/tex/latex/tools/multicol.sty)
(/usr/share/texlive/texmf-dist/tex/latex/wrapfig/wrapfig.sty)
(/usr/share/texlive/texmf-dist/tex/latex/caption/caption.sty
(/usr/share/texlive/texmf-dist/tex/latex/caption/caption3.sty))
(./statement_en.aux)
(/usr/share/texlive/texmf-dist/tex/context/base/mkii/supp-pdf.mkii
[Loading MPS to PDF converter (version 2006.09.02).]
) (/usr/share/texlive/texmf-dist/tex/latex/oberdiek/epstopdf-base.sty
(/usr/share/texlive/texmf-dist/tex/generic/oberdiek/infwarerr.sty)
(/usr/share/texlive/texmf-dist/tex/latex/oberdiek/grfext.sty
(/usr/share/texlive/texmf-dist/tex/generic/oberdiek/kvdefinekeys.sty
(/usr/share/texlive/texmf-dist/tex/generic/oberdiek/ltxcmds.sty)))
(/usr/share/texlive/texmf-dist/tex/latex/oberdiek/kvoptions.sty
(/usr/share/texlive/texmf-dist/tex/generic/oberdiek/kvsetkeys.sty
(/usr/share/texlive/texmf-dist/tex/generic/oberdiek/etexcmds.sty
(/usr/share/texlive/texmf-dist/tex/generic/oberdiek/ifluatex.sty))))
(/usr/share/texlive/texmf-dist/tex/generic/oberdiek/pdftexcmds.sty)
(/usr/share/texlive/texmf-dist/tex/latex/latexconfig/epstopdf-sys.cfg))
*geometry* driver: auto-detecting
*geometry* detected driver: pdftex
ABD: EveryShipout initializing macros
(/usr/share/texlive/texmf-dist/tex/latex/base/omscmr.fd)
Underfull \hbox (badness 1400) in paragraph at lines 61--62
\T1/cmr/m/n/12 num-ber of peo-ple who will need
(/usr/share/texlive/texmf-dist/tex/latex/base/t1cmtt.fd) [1{/var/lib/texmf/font
s/map/pdftex/updmap/pdftex.map} <./logo.png> <./bus.jpg>]

AED: lastpage setting LastPage
[2] (./statement_en.aux) )
(see the transcript file for additional information){/usr/share/texmf/fonts/enc
/dvips/cm-super/cm-super-t1.enc}</usr/share/texlive/texmf-dist/fonts/type1/publ
ic/amsfonts/cm/cmmi12.pfb></usr/share/texlive/texmf-dist/fonts/type1/public/ams
fonts/cm/cmr12.pfb></usr/share/texlive/texmf-dist/fonts/type1/public/amsfonts/c
m/cmr8.pfb></usr/share/texlive/texmf-dist/fonts/type1/public/amsfonts/cm/cmsy10
.pfb></usr/share/texmf/fonts/type1/public/cm-super/sfbx1440.pfb></usr/share/tex
mf/fonts/type1/public/cm-super/sfbx1728.pfb></usr/share/texmf/fonts/type1/publi
c/cm-super/sfrm1200.pfb></usr/share/texmf/fonts/type1/public/cm-super/sfrm1728.
pfb></usr/share/texmf/fonts/type1/public/cm-super/sfrm2488.pfb></usr/share/texm
f/fonts/type1/public/cm-super/sfti1200.pfb></usr/share/texmf/fonts/type1/public
/cm-super/sftt1200.pfb>
Output written on statement_en.pdf (2 pages, 293179 bytes).
Transcript written on statement_en.log.
